  [1m[36m (14.5ms)[0m  [1mCREATE TABLE "schema_migrations" ("version" varchar(255) NOT NULL) [0m
  [1m[35m (0.1ms)[0m  select sqlite_version(*)
  [1m[36m (14.3ms)[0m  [1mCREATE UNIQUE INDEX "unique_schema_migrations" ON "schema_migrations" ("version")[0m
  [1m[35mActiveRecord::SchemaMigration Load (0.2ms)[0m  SELECT "schema_migrations".* FROM "schema_migrations"
Migrating to CreatePosts (20140824164729)
  [1m[36m (0.1ms)[0m  [1mbegin transaction[0m
  [1m[35m (1.5ms)[0m  CREATE TABLE "posts" ("id" INTEGER PRIMARY KEY AUTOINCREMENT NOT NULL, "title" varchar(255), "body" text, "created_at" datetime, "updated_at" datetime) 
  [1m[36mSQL (1.7ms)[0m  [1mINSERT INTO "schema_migrations" ("version") VALUES (?)[0m  [["version", "20140824164729"]]
  [1m[35m (22.4ms)[0m  commit transaction
Migrating to CreateComments (20140824164835)
  [1m[36m (0.1ms)[0m  [1mbegin transaction[0m
  [1m[35m (1.7ms)[0m  CREATE TABLE "comments" ("id" INTEGER PRIMARY KEY AUTOINCREMENT NOT NULL, "post_id" integer, "body" text, "created_at" datetime, "updated_at" datetime) 
  [1m[36mSQL (1.3ms)[0m  [1mINSERT INTO "schema_migrations" ("version") VALUES (?)[0m  [["version", "20140824164835"]]
  [1m[35m (14.7ms)[0m  commit transaction
  [1m[36mActiveRecord::SchemaMigration Load (0.2ms)[0m  [1mSELECT "schema_migrations".* FROM "schema_migrations"[0m


Started GET "/" for 127.0.0.1 at 2014-08-24 22:25:06 +0530
  [1m[36mActiveRecord::SchemaMigration Load (0.3ms)[0m  [1mSELECT "schema_migrations".* FROM "schema_migrations"[0m
Processing by Rails::WelcomeController#index as HTML
  Rendered /home/kandarp/.rvm/gems/ruby-2.1.2/gems/railties-4.1.5/lib/rails/templates/rails/welcome/index.html.erb (3.4ms)
Completed 200 OK in 113ms (Views: 87.1ms | ActiveRecord: 0.0ms)


Started GET "/post" for 127.0.0.1 at 2014-08-24 22:25:13 +0530

ActionController::RoutingError (No route matches [GET] "/post"):
  actionpack (4.1.5) lib/action_dispatch/middleware/debug_exceptions.rb:21:in `call'
  actionpack (4.1.5) lib/action_dispatch/middleware/show_exceptions.rb:30:in `call'
  railties (4.1.5) lib/rails/rack/logger.rb:38:in `call_app'
  railties (4.1.5) lib/rails/rack/logger.rb:20:in `block in call'
  activesupport (4.1.5) lib/active_support/tagged_logging.rb:68:in `block in tagged'
  activesupport (4.1.5) lib/active_support/tagged_logging.rb:26:in `tagged'
  activesupport (4.1.5) lib/active_support/tagged_logging.rb:68:in `tagged'
  railties (4.1.5) lib/rails/rack/logger.rb:20:in `call'
  actionpack (4.1.5) lib/action_dispatch/middleware/request_id.rb:21:in `call'
  rack (1.5.2) lib/rack/methodoverride.rb:21:in `call'
  rack (1.5.2) lib/rack/runtime.rb:17:in `call'
  activesupport (4.1.5) lib/active_support/cache/strategy/local_cache_middleware.rb:26:in `call'
  rack (1.5.2) lib/rack/lock.rb:17:in `call'
  actionpack (4.1.5) lib/action_dispatch/middleware/static.rb:64:in `call'
  rack (1.5.2) lib/rack/sendfile.rb:112:in `call'
  railties (4.1.5) lib/rails/engine.rb:514:in `call'
  railties (4.1.5) lib/rails/application.rb:144:in `call'
  rack (1.5.2) lib/rack/lock.rb:17:in `call'
  rack (1.5.2) lib/rack/content_length.rb:14:in `call'
  rack (1.5.2) lib/rack/handler/webrick.rb:60:in `service'
  /home/kandarp/.rvm/rubies/ruby-2.1.2/lib/ruby/2.1.0/webrick/httpserver.rb:138:in `service'
  /home/kandarp/.rvm/rubies/ruby-2.1.2/lib/ruby/2.1.0/webrick/httpserver.rb:94:in `run'
  /home/kandarp/.rvm/rubies/ruby-2.1.2/lib/ruby/2.1.0/webrick/server.rb:295:in `block in start_thread'


  Rendered /home/kandarp/.rvm/gems/ruby-2.1.2/gems/actionpack-4.1.5/lib/action_dispatch/middleware/templates/rescues/_trace.html.erb (2.7ms)
  Rendered /home/kandarp/.rvm/gems/ruby-2.1.2/gems/actionpack-4.1.5/lib/action_dispatch/middleware/templates/routes/_route.html.erb (3.7ms)
  Rendered /home/kandarp/.rvm/gems/ruby-2.1.2/gems/actionpack-4.1.5/lib/action_dispatch/middleware/templates/routes/_table.html.erb (58.4ms)
  Rendered /home/kandarp/.rvm/gems/ruby-2.1.2/gems/actionpack-4.1.5/lib/action_dispatch/middleware/templates/rescues/routing_error.html.erb within rescues/layout (118.9ms)


Started GET "/posts" for 127.0.0.1 at 2014-08-24 22:25:19 +0530
Processing by PostsController#index as HTML
  [1m[35mPost Load (0.9ms)[0m  SELECT "posts".* FROM "posts"
  Rendered posts/index.html.erb within layouts/application (3.9ms)
Completed 200 OK in 1706ms (Views: 1699.0ms | ActiveRecord: 0.9ms)


Started GET "/assets/comments.css?body=1" for 127.0.0.1 at 2014-08-24 22:25:20 +0530


Started GET "/assets/posts.css?body=1" for 127.0.0.1 at 2014-08-24 22:25:20 +0530


Started GET "/assets/scaffolds.css?body=1" for 127.0.0.1 at 2014-08-24 22:25:21 +0530


Started GET "/assets/turbolinks.js?body=1" for 127.0.0.1 at 2014-08-24 22:25:21 +0530


Started GET "/assets/comments.js?body=1" for 127.0.0.1 at 2014-08-24 22:25:21 +0530


Started GET "/assets/jquery.js?body=1" for 127.0.0.1 at 2014-08-24 22:25:21 +0530


Started GET "/assets/application.css?body=1" for 127.0.0.1 at 2014-08-24 22:25:21 +0530


Started GET "/assets/jquery_ujs.js?body=1" for 127.0.0.1 at 2014-08-24 22:25:21 +0530


Started GET "/assets/posts.js?body=1" for 127.0.0.1 at 2014-08-24 22:25:21 +0530


Started GET "/assets/application.js?body=1" for 127.0.0.1 at 2014-08-24 22:25:21 +0530


Started GET "/posts/new" for 127.0.0.1 at 2014-08-24 22:25:39 +0530
Processing by PostsController#new as HTML
  Rendered posts/_form.html.erb (123.9ms)
  Rendered posts/new.html.erb within layouts/application (126.9ms)
Completed 200 OK in 138ms (Views: 135.3ms | ActiveRecord: 0.7ms)


Started POST "/posts" for 127.0.0.1 at 2014-08-24 22:26:08 +0530
Processing by PostsController#create as HTML
  Parameters: {"utf8"=>"✓", "authenticity_token"=>"pip1Ii9XUhKjrSFWeKfUcuQumsNc6e8V7F2r2Bhe81s=", "post"=>{"title"=>"Manchester United", "body"=>"Win 2-0 against Sunderland"}, "commit"=>"Create Post"}
  [1m[36m (0.2ms)[0m  [1mbegin transaction[0m
  [1m[35mSQL (2.8ms)[0m  INSERT INTO "posts" ("body", "created_at", "title", "updated_at") VALUES (?, ?, ?, ?)  [["body", "Win 2-0 against Sunderland"], ["created_at", "2014-08-24 16:56:08.302792"], ["title", "Manchester United"], ["updated_at", "2014-08-24 16:56:08.302792"]]
  [1m[36m (15.3ms)[0m  [1mcommit transaction[0m
Redirected to http://localhost:3000/posts/1
Completed 302 Found in 82ms (ActiveRecord: 18.3ms)


Started GET "/posts/1" for 127.0.0.1 at 2014-08-24 22:26:08 +0530
Processing by PostsController#show as HTML
  Parameters: {"id"=>"1"}
  [1m[35mPost Load (1.8ms)[0m  SELECT  "posts".* FROM "posts"  WHERE "posts"."id" = ? LIMIT 1  [["id", 1]]
  Rendered posts/show.html.erb within layouts/application (1.9ms)
Completed 200 OK in 23ms (Views: 13.4ms | ActiveRecord: 1.8ms)


Started GET "/assets/comments.css?body=1" for 127.0.0.1 at 2014-08-24 22:26:08 +0530


Started GET "/assets/posts.css?body=1" for 127.0.0.1 at 2014-08-24 22:26:08 +0530


Started GET "/assets/scaffolds.css?body=1" for 127.0.0.1 at 2014-08-24 22:26:08 +0530


Started GET "/assets/comments.js?body=1" for 127.0.0.1 at 2014-08-24 22:26:08 +0530


Started GET "/assets/posts.js?body=1" for 127.0.0.1 at 2014-08-24 22:26:08 +0530


Started GET "/posts" for 127.0.0.1 at 2014-08-24 22:26:11 +0530
Processing by PostsController#index as HTML
  [1m[36mPost Load (0.5ms)[0m  [1mSELECT "posts".* FROM "posts"[0m
  Rendered posts/index.html.erb within layouts/application (4.4ms)
Completed 200 OK in 33ms (Views: 31.1ms | ActiveRecord: 0.5ms)


Started GET "/comments" for 127.0.0.1 at 2014-08-24 22:26:16 +0530
Processing by CommentsController#index as HTML
  [1m[35mComment Load (0.3ms)[0m  SELECT "comments".* FROM "comments"
  Rendered comments/index.html.erb within layouts/application (2.4ms)
Completed 200 OK in 15ms (Views: 10.1ms | ActiveRecord: 0.3ms)


Started GET "/assets/comments.css?body=1" for 127.0.0.1 at 2014-08-24 22:26:16 +0530


Started GET "/assets/posts.css?body=1" for 127.0.0.1 at 2014-08-24 22:26:16 +0530


Started GET "/assets/scaffolds.css?body=1" for 127.0.0.1 at 2014-08-24 22:26:16 +0530


Started GET "/assets/comments.js?body=1" for 127.0.0.1 at 2014-08-24 22:26:16 +0530


Started GET "/assets/posts.js?body=1" for 127.0.0.1 at 2014-08-24 22:26:16 +0530


Started GET "/comments/new" for 127.0.0.1 at 2014-08-24 22:26:18 +0530
Processing by CommentsController#new as HTML
  Rendered comments/_form.html.erb (80.4ms)
  Rendered comments/new.html.erb within layouts/application (82.8ms)
Completed 200 OK in 94ms (Views: 91.8ms | ActiveRecord: 0.5ms)


Started POST "/comments" for 127.0.0.1 at 2014-08-24 22:26:29 +0530
Processing by CommentsController#create as HTML
  Parameters: {"utf8"=>"✓", "authenticity_token"=>"pip1Ii9XUhKjrSFWeKfUcuQumsNc6e8V7F2r2Bhe81s=", "comment"=>{"post_id"=>"1", "body"=>"van Persie rocks"}, "commit"=>"Create Comment"}
  [1m[36m (0.1ms)[0m  [1mbegin transaction[0m
  [1m[35mSQL (0.5ms)[0m  INSERT INTO "comments" ("body", "created_at", "post_id", "updated_at") VALUES (?, ?, ?, ?)  [["body", "van Persie rocks"], ["created_at", "2014-08-24 16:56:29.284566"], ["post_id", 1], ["updated_at", "2014-08-24 16:56:29.284566"]]
  [1m[36m (17.0ms)[0m  [1mcommit transaction[0m
Redirected to http://localhost:3000/comments/1
Completed 302 Found in 26ms (ActiveRecord: 17.6ms)


Started GET "/comments/1" for 127.0.0.1 at 2014-08-24 22:26:29 +0530
Processing by CommentsController#show as HTML
  Parameters: {"id"=>"1"}
  [1m[35mComment Load (0.8ms)[0m  SELECT  "comments".* FROM "comments"  WHERE "comments"."id" = ? LIMIT 1  [["id", 1]]
  Rendered comments/show.html.erb within layouts/application (1.5ms)
Completed 200 OK in 18ms (Views: 13.8ms | ActiveRecord: 0.8ms)


Started GET "/assets/comments.css?body=1" for 127.0.0.1 at 2014-08-24 22:26:29 +0530


Started GET "/assets/posts.css?body=1" for 127.0.0.1 at 2014-08-24 22:26:29 +0530


Started GET "/assets/scaffolds.css?body=1" for 127.0.0.1 at 2014-08-24 22:26:29 +0530


Started GET "/assets/comments.js?body=1" for 127.0.0.1 at 2014-08-24 22:26:29 +0530


Started GET "/assets/posts.js?body=1" for 127.0.0.1 at 2014-08-24 22:26:29 +0530


Started GET "/comments" for 127.0.0.1 at 2014-08-24 22:26:32 +0530
Processing by CommentsController#index as HTML
  [1m[36mComment Load (0.4ms)[0m  [1mSELECT "comments".* FROM "comments"[0m
  Rendered comments/index.html.erb within layouts/application (5.0ms)
Completed 200 OK in 31ms (Views: 29.2ms | ActiveRecord: 0.4ms)
